[debug] [2020-03-01T23:06:24.900Z] ----------------------------------------------------------------------
[debug] [2020-03-01T23:06:24.902Z] Command:       /usr/local/Cellar/node/12.12.0/bin/node /usr/local/bin/firebase v
[debug] [2020-03-01T23:06:24.902Z] CLI Version:   7.8.1
[debug] [2020-03-01T23:06:24.902Z] Platform:      darwin
[debug] [2020-03-01T23:06:24.902Z] Node Version:  v12.12.0
[debug] [2020-03-01T23:06:24.903Z] Time:          Mon Mar 02 2020 00:06:24 GMT+0100 (heure normale d’Europe centrale)
[debug] [2020-03-01T23:06:24.903Z] ----------------------------------------------------------------------
[debug] [2020-03-01T23:06:24.903Z] 
[error] Error: [object Object] is not a Firebase command
[debug] [2020-03-01T23:06:24.910Z] TypeError: str.toLowerCase is not a function
    at didYouMean (/usr/local/lib/node_modules/firebase-tools/node_modules/didyoumean/didYouMean-1.2.1.js:147:48)
    at suggestCommands (/usr/local/lib/node_modules/firebase-tools/lib/index.js:28:22)
    at Command.<anonymous> (/usr/local/lib/node_modules/firebase-tools/lib/index.js:57:14)
    at Command.listener (/usr/local/lib/node_modules/firebase-tools/node_modules/commander/index.js:360:8)
    at Command.emit (events.js:210:5)
    at Command.EventEmitter.emit (domain.js:476:20)
    at Command.parseArgs (/usr/local/lib/node_modules/firebase-tools/node_modules/commander/index.js:801:12)
    at Command.parse (/usr/local/lib/node_modules/firebase-tools/node_modules/commander/index.js:563:21)
    at Object.<anonymous> (/usr/local/lib/node_modules/firebase-tools/lib/bin/firebase.js:98:22)
    at Module._compile (internal/modules/cjs/loader.js:956:30)
    at Object.Module._extensions..js (internal/modules/cjs/loader.js:973:10)
    at Module.load (internal/modules/cjs/loader.js:812:32)
    at Function.Module._load (internal/modules/cjs/loader.js:724:14)
    at Function.Module.runMain (internal/modules/cjs/loader.js:1025:10)
    at internal/main/run_main_module.js:17:11
[error] 
[error] Error: An unexpected error has occurred.
